<?xml version="1.0" encoding="UTF-8"?><testsuite failures="3" name="cucumber.runtime.formatter.JUnitFormatter" skipped="0" tests="3" time="0">
<testcase classname="Test Tagged Hooks" name="This is First test" time="0">
<failure message="The scenario has pending or undefined step(s)"><![CDATA[Given this is the first step................................................undefined
When this is the second step................................................undefined
Then this is the third step.................................................undefined
]]></failure>
</testcase>
<testcase classname="Test Tagged Hooks" name="This is Second test" time="0">
<failure message="The scenario has pending or undefined step(s)"><![CDATA[Given this is the first step................................................undefined
When this is the second step................................................undefined
Then this is the third step.................................................undefined
]]></failure>
</testcase>
<testcase classname="Test Tagged Hooks" name="This is Third test" time="0">
<failure message="The scenario has pending or undefined step(s)"><![CDATA[Given this is the first step................................................undefined
When this is the second step................................................undefined
Then this is the third step.................................................undefined
]]></failure>
</testcase>
</testsuite>
